2014/07/10 04:59:33 [error] [system.db.CDbCommand] CDbCommand::fetchAll() failed: SQLSTATE[42S22]: Column not found: 1054 Unknown column 'starts' in 'where clause'. The SQL statement executed was: SELECT * FROM `itm_category` `t` WHERE active=:active AND starts<:dateCode AND expires>:dateCodee ORDER BY date.
in /Users/appleuser/web_root/mobile/ithrive/protected/controllers/MobileController.php (124)
in /Users/appleuser/web_root/mobile/ithrive/protected/controllers/MobileController.php (72)
in /Users/appleuser/web_root/mobile/ithrive/index.php (13)
2014/07/10 04:59:33 [error] [exception.CDbException] exception 'CDbException' with message 'CDbCommand failed to execute the SQL statement: SQLSTATE[42S22]: Column not found: 1054 Unknown column 'starts' in 'where clause'. The SQL statement executed was: SELECT * FROM `itm_category` `t` WHERE active=:active AND starts<:dateCode AND expires>:dateCodee ORDER BY date' in /Users/appleuser/php_frameworks/yii-1.1.13.e9e4a0/framework/db/CDbCommand.php:541
Stack trace:
#0 /Users/appleuser/php_frameworks/yii-1.1.13.e9e4a0/framework/db/CDbCommand.php(395): CDbCommand->queryInternal('fetchAll', Array, Array)
#1 /Users/appleuser/php_frameworks/yii-1.1.13.e9e4a0/framework/db/ar/CActiveRecord.php(1297): CDbCommand->queryAll()
#2 /Users/appleuser/php_frameworks/yii-1.1.13.e9e4a0/framework/db/ar/CActiveRecord.php(1416): CActiveRecord->query(Object(CDbCriteria), true)
#3 /Users/appleuser/web_root/mobile/ithrive/protected/controllers/MobileController.php(124): CActiveRecord->findAll(Object(CDbCriteria))
#4 /Users/appleuser/web_root/mobile/ithrive/protected/controllers/MobileController.php(72): MobileController->loadActiveMedia()
#5 /Users/appleuser/php_frameworks/yii-1.1.13.e9e4a0/framework/web/actions/CInlineAction.php(49): MobileController->actionMedia()
#6 /Users/appleuser/php_frameworks/yii-1.1.13.e9e4a0/framework/web/CController.php(308): CInlineAction->runWithParams(Array)
#7 /Users/appleuser/php_frameworks/yii-1.1.13.e9e4a0/framework/web/CController.php(286): CController->runAction(Object(CInlineAction))
#8 /Users/appleuser/php_frameworks/yii-1.1.13.e9e4a0/framework/web/CController.php(265): CController->runActionWithFilters(Object(CInlineAction), Array)
#9 /Users/appleuser/php_frameworks/yii-1.1.13.e9e4a0/framework/web/CWebApplication.php(282): CController->run('media')
#10 /Users/appleuser/php_frameworks/yii-1.1.13.e9e4a0/framework/web/CWebApplication.php(141): CWebApplication->runController('mobile/media')
#11 /Users/appleuser/php_frameworks/yii-1.1.13.e9e4a0/framework/base/CApplication.php(169): CWebApplication->processRequest()
#12 /Users/appleuser/web_root/mobile/ithrive/index.php(13): CApplication->run()
#13 {main}
REQUEST_URI=/mobile/ithrive/index.php/mobile/media/
---
2014/07/12 06:03:56 [error] [exception.CHttpException.404] exception 'CHttpException' with message 'The system is unable to find the requested action "meida".' in /Users/appleuser/php_frameworks/yii-1.1.13.e9e4a0/framework/web/CController.php:483
Stack trace:
#0 /Users/appleuser/php_frameworks/yii-1.1.13.e9e4a0/framework/web/CController.php(270): CController->missingAction('meida')
#1 /Users/appleuser/php_frameworks/yii-1.1.13.e9e4a0/framework/web/CWebApplication.php(282): CController->run('meida')
#2 /Users/appleuser/php_frameworks/yii-1.1.13.e9e4a0/framework/web/CWebApplication.php(141): CWebApplication->runController('mobile/meida')
#3 /Users/appleuser/php_frameworks/yii-1.1.13.e9e4a0/framework/base/CApplication.php(169): CWebApplication->processRequest()
#4 /Users/appleuser/web_root/mobile/ithrive/index.php(13): CApplication->run()
#5 {main}
REQUEST_URI=/mobile/ithrive/index.php/mobile/meida/
---
2014/09/24 03:23:17 [error] [php] Undefined index: callback (/Users/appleuser/web_root/mobile/ithrive/protected/controllers/MobileController.php:66)
Stack trace:
#0 /Users/appleuser/php_frameworks/yii-1.1.13.e9e4a0/framework/web/CController.php(286): MobileController->runAction()
#1 /Users/appleuser/php_frameworks/yii-1.1.13.e9e4a0/framework/web/CController.php(265): MobileController->runActionWithFilters()
#2 /Users/appleuser/php_frameworks/yii-1.1.13.e9e4a0/framework/web/CWebApplication.php(282): MobileController->run()
#3 /Users/appleuser/php_frameworks/yii-1.1.13.e9e4a0/framework/web/CWebApplication.php(141): CWebApplication->runController()
#4 /Users/appleuser/php_frameworks/yii-1.1.13.e9e4a0/framework/base/CApplication.php(169): CWebApplication->processRequest()
#5 /Users/appleuser/web_root/mobile/ithrive/index.php(13): CWebApplication->run()
REQUEST_URI=/mobile/ithrive/index.php/mobile/slides/?callback=JSON_CALLBACK
2014/09/24 03:24:44 [error] [php] Undefined index: callback (/Users/appleuser/web_root/mobile/ithrive/protected/controllers/MobileController.php:67)
Stack trace:
#0 /Users/appleuser/php_frameworks/yii-1.1.13.e9e4a0/framework/web/CController.php(286): MobileController->runAction()
#1 /Users/appleuser/php_frameworks/yii-1.1.13.e9e4a0/framework/web/CController.php(265): MobileController->runActionWithFilters()
#2 /Users/appleuser/php_frameworks/yii-1.1.13.e9e4a0/framework/web/CWebApplication.php(282): MobileController->run()
#3 /Users/appleuser/php_frameworks/yii-1.1.13.e9e4a0/framework/web/CWebApplication.php(141): CWebApplication->runController()
#4 /Users/appleuser/php_frameworks/yii-1.1.13.e9e4a0/framework/base/CApplication.php(169): CWebApplication->processRequest()
#5 /Users/appleuser/web_root/mobile/ithrive/index.php(13): CWebApplication->run()
REQUEST_URI=/mobile/ithrive/index.php/mobile/slides/?callback=JSON_CALLBACK
2014/09/24 04:01:11 [error] [php] Undefined variable: send (/Users/appleuser/web_root/mobile/ithrive/protected/controllers/MobileController.php:96)
Stack trace:
#0 /Users/appleuser/php_frameworks/yii-1.1.13.e9e4a0/framework/web/CController.php(286): MobileController->runAction()
#1 /Users/appleuser/php_frameworks/yii-1.1.13.e9e4a0/framework/web/CController.php(265): MobileController->runActionWithFilters()
#2 /Users/appleuser/php_frameworks/yii-1.1.13.e9e4a0/framework/web/CWebApplication.php(282): MobileController->run()
#3 /Users/appleuser/php_frameworks/yii-1.1.13.e9e4a0/framework/web/CWebApplication.php(141): CWebApplication->runController()
#4 /Users/appleuser/php_frameworks/yii-1.1.13.e9e4a0/framework/base/CApplication.php(169): CWebApplication->processRequest()
#5 /Users/appleuser/web_root/mobile/ithrive/index.php(13): CWebApplication->run()
REQUEST_URI=/mobile/ithrive/index.php/mobile/mediaAll/?callback=JSON_CALLBACK
2014/12/05 03:22:09 [error] [exception.CException] exception 'CException' with message 'Property "CActiveDataProvider.oderby" is not defined.' in /Users/appleuser/php_frameworks/yii-1.1.13.e9e4a0/framework/base/CComponent.php:173
Stack trace:
#0 /Users/appleuser/php_frameworks/yii-1.1.13.e9e4a0/framework/web/CActiveDataProvider.php(83): CComponent->__set('oderby', 'date desc')
#1 /Users/appleuser/web_root/mobile/ithrive/protected/controllers/CategoryController.php(152): CActiveDataProvider->__construct('Category', Array)
#2 /Users/appleuser/php_frameworks/yii-1.1.13.e9e4a0/framework/web/actions/CInlineAction.php(49): CategoryController->actionIndex()
#3 /Users/appleuser/php_frameworks/yii-1.1.13.e9e4a0/framework/web/CController.php(308): CInlineAction->runWithParams(Array)
#4 /Users/appleuser/php_frameworks/yii-1.1.13.e9e4a0/framework/web/filters/CFilterChain.php(133): CController->runAction(Object(CInlineAction))
#5 /Users/appleuser/php_frameworks/yii-1.1.13.e9e4a0/framework/web/filters/CFilter.php(40): CFilterChain->run()
#6 /Users/appleuser/php_frameworks/yii-1.1.13.e9e4a0/framework/web/CController.php(1145): CFilter->filter(Object(CFilterChain))
#7 /Users/appleuser/php_frameworks/yii-1.1.13.e9e4a0/framework/web/filters/CInlineFilter.php(58): CController->filterAccessControl(Object(CFilterChain))
#8 /Users/appleuser/php_frameworks/yii-1.1.13.e9e4a0/framework/web/filters/CFilterChain.php(130): CInlineFilter->filter(Object(CFilterChain))
#9 /Users/appleuser/php_frameworks/yii-1.1.13.e9e4a0/framework/web/CController.php(291): CFilterChain->run()
#10 /Users/appleuser/php_frameworks/yii-1.1.13.e9e4a0/framework/web/CController.php(265): CController->runActionWithFilters(Object(CInlineAction), Array)
#11 /Users/appleuser/php_frameworks/yii-1.1.13.e9e4a0/framework/web/CWebApplication.php(282): CController->run('')
#12 /Users/appleuser/php_frameworks/yii-1.1.13.e9e4a0/framework/web/CWebApplication.php(141): CWebApplication->runController('category')
#13 /Users/appleuser/php_frameworks/yii-1.1.13.e9e4a0/framework/base/CApplication.php(169): CWebApplication->processRequest()
#14 /Users/appleuser/web_root/mobile/ithrive/index.php(13): CApplication->run()
#15 {main}
REQUEST_URI=/mobile/ithrive/index.php/category
HTTP_REFERER=http://localhost/mobile/ithrive/index.php/message/create
---
